# JRE version: Java(TM) SE Runtime Environment (8.0_71-b15) (build 1.8.0_71-b15)
# Java VM: Java HotSpot(TM) 64-Bit Server VM (25.71-b15 mixed mode windows-amd64 compressed oops)
Heap:
 PSYoungGen      total 160768K, used 102295K [0x00000000e0000000, 0x00000000ebf00000, 0x0000000100000000)
  eden space 136704K, 57% used [0x00000000e0000000,0x00000000e4d248e8,0x00000000e8580000)
  from space 24064K, 96% used [0x00000000ea000000,0x00000000eb6c15a8,0x00000000eb780000)
  to   space 27136K, 0% used [0x00000000e8580000,0x00000000e8580000,0x00000000ea000000)
 ParOldGen       total 104448K, used 47841K [0x00000000a0000000, 0x00000000a6600000, 0x00000000e0000000)
  object space 104448K, 45% used [0x00000000a0000000,0x00000000a2eb8700,0x00000000a6600000)
 Metaspace       used 63876K, capacity 66852K, committed 67072K, reserved 1107968K
  class space    used 8498K, capacity 9096K, committed 9216K, reserved 1048576K
GC Heap History (10 events):
Event: 394.100 GC heap before
{Heap before GC invocations=20 (full 3):
 PSYoungGen      total 147968K, used 140127K [0x00000000e0000000, 0x00000000eaa00000, 0x0000000100000000)
  eden space 131072K, 100% used [0x00000000e0000000,0x00000000e8000000,0x00000000e8000000)
  from space 16896K, 53% used [0x00000000e9980000,0x00000000ea257fe0,0x00000000eaa00000)
  to   space 21504K, 0% used [0x00000000e8000000,0x00000000e8000000,0x00000000e9500000)
 ParOldGen       total 104448K, used 33103K [0x00000000a0000000, 0x00000000a6600000, 0x00000000e0000000)
  object space 104448K, 31% used [0x00000000a0000000,0x00000000a2053ec0,0x00000000a6600000)
 Metaspace       used 60260K, capacity 62504K, committed 62592K, reserved 1103872K
  class space    used 8004K, capacity 8532K, committed 8576K, reserved 1048576K
Event: 394.114 GC heap after
Heap after GC invocations=20 (full 3):
 PSYoungGen      total 146944K, used 19074K [0x00000000e0000000, 0x00000000eaa80000, 0x0000000100000000)
  eden space 127488K, 0% used [0x00000000e0000000,0x00000000e0000000,0x00000000e7c80000)
  from space 19456K, 98% used [0x00000000e8000000,0x00000000e92a0a20,0x00000000e9300000)
  to   space 23552K, 0% used [0x00000000e9380000,0x00000000e9380000,0x00000000eaa80000)
 ParOldGen       total 104448K, used 33111K [0x00000000a0000000, 0x00000000a6600000, 0x00000000e0000000)
  object space 104448K, 31% used [0x00000000a0000000,0x00000000a2055ec0,0x00000000a6600000)
 Metaspace       used 60260K, capacity 62504K, committed 62592K, reserved 1103872K
  class space    used 8004K, capacity 8532K, committed 8576K, reserved 1048576K
}
Event: 395.277 GC heap before
{Heap before GC invocations=21 (full 3):
 PSYoungGen      total 146944K, used 83335K [0x00000000e0000000, 0x00000000eaa80000, 0x0000000100000000)
  eden space 127488K, 50% used [0x00000000e0000000,0x00000000e3ec1448,0x00000000e7c80000)
  from space 19456K, 98% used [0x00000000e8000000,0x00000000e92a0a20,0x00000000e9300000)
  to   space 23552K, 0% used [0x00000000e9380000,0x00000000e9380000,0x00000000eaa80000)
 ParOldGen       total 104448K, used 33111K [0x00000000a0000000, 0x00000000a6600000, 0x00000000e0000000)
  object space 104448K, 31% used [0x00000000a0000000,0x00000000a2055ec0,0x00000000a6600000)
 Metaspace       used 61841K, capacity 64630K, committed 64768K, reserved 1105920K
  class space    used 8312K, capacity 8927K, committed 8960K, reserved 1048576K
Event: 395.288 GC heap after
Heap after GC invocations=21 (full 3):
 PSYoungGen      total 150528K, used 16557K [0x00000000e0000000, 0x00000000eab80000, 0x0000000100000000)
  eden space 126976K, 0% used [0x00000000e0000000,0x00000000e0000000,0x00000000e7c00000)
  from space 23552K, 70% used [0x00000000e9380000,0x00000000ea3ab670,0x00000000eaa80000)
  to   space 24064K, 0% used [0x00000000e7c00000,0x00000000e7c00000,0x00000000e9380000)
 ParOldGen       total 104448K, used 33119K [0x00000000a0000000, 0x00000000a6600000, 0x00000000e0000000)
  object space 104448K, 31% used [0x00000000a0000000,0x00000000a2057ec0,0x00000000a6600000)
 Metaspace       used 61841K, capacity 64630K, committed 64768K, reserved 1105920K
  class space    used 8312K, capacity 8927K, committed 8960K, reserved 1048576K
}
Event: 395.288 GC heap before
{Heap before GC invocations=22 (full 4):
 PSYoungGen      total 150528K, used 16557K [0x00000000e0000000, 0x00000000eab80000, 0x0000000100000000)
  eden space 126976K, 0% used [0x00000000e0000000,0x00000000e0000000,0x00000000e7c00000)
  from space 23552K, 70% used [0x00000000e9380000,0x00000000ea3ab670,0x00000000eaa80000)
  to   space 24064K, 0% used [0x00000000e7c00000,0x00000000e7c00000,0x00000000e9380000)
 ParOldGen       total 104448K, used 33119K [0x00000000a0000000, 0x00000000a6600000, 0x00000000e0000000)
  object space 104448K, 31% used [0x00000000a0000000,0x00000000a2057ec0,0x00000000a6600000)
 Metaspace       used 61841K, capacity 64630K, committed 64768K, reserved 1105920K
  class space    used 8312K, capacity 8927K, committed 8960K, reserved 1048576K
Event: 395.650 GC heap after
Heap after GC invocations=22 (full 4):
 PSYoungGen      total 150528K, used 0K [0x00000000e0000000, 0x00000000eab80000, 0x0000000100000000)
  eden space 126976K, 0% used [0x00000000e0000000,0x00000000e0000000,0x00000000e7c00000)
  from space 23552K, 0% used [0x00000000e9380000,0x00000000e9380000,0x00000000eaa80000)
  to   space 24064K, 0% used [0x00000000e7c00000,0x00000000e7c00000,0x00000000e9380000)
 ParOldGen       total 104448K, used 47825K [0x00000000a0000000, 0x00000000a6600000, 0x00000000e0000000)
  object space 104448K, 45% used [0x00000000a0000000,0x00000000a2eb4700,0x00000000a6600000)
 Metaspace       used 61810K, capacity 64510K, committed 64768K, reserved 1105920K
  class space    used 8303K, capacity 8887K, committed 8960K, reserved 1048576K
}
Event: 404.676 GC heap before
{Heap before GC invocations=23 (full 4):
 PSYoungGen      total 150528K, used 126976K [0x00000000e0000000, 0x00000000eab80000, 0x0000000100000000)
  eden space 126976K, 100% used [0x00000000e0000000,0x00000000e7c00000,0x00000000e7c00000)
  from space 23552K, 0% used [0x00000000e9380000,0x00000000e9380000,0x00000000eaa80000)
  to   space 24064K, 0% used [0x00000000e7c00000,0x00000000e7c00000,0x00000000e9380000)
 ParOldGen       total 104448K, used 47825K [0x00000000a0000000, 0x00000000a6600000, 0x00000000e0000000)
  object space 104448K, 45% used [0x00000000a0000000,0x00000000a2eb4700,0x00000000a6600000)
 Metaspace       used 62056K, capacity 64798K, committed 65024K, reserved 1105920K
  class space    used 8318K, capacity 8907K, committed 8960K, reserved 1048576K
Event: 404.682 GC heap after
Heap after GC invocations=23 (full 4):
 PSYoungGen      total 151040K, used 6304K [0x00000000e0000000, 0x00000000eb780000, 0x0000000100000000)
  eden space 126976K, 0% used [0x00000000e0000000,0x00000000e0000000,0x00000000e7c00000)
  from space 24064K, 26% used [0x00000000e7c00000,0x00000000e8228000,0x00000000e9380000)
  to   space 24064K, 0% used [0x00000000ea000000,0x00000000ea000000,0x00000000eb780000)
 ParOldGen       total 104448K, used 47833K [0x00000000a0000000, 0x00000000a6600000, 0x00000000e0000000)
  object space 104448K, 45% used [0x00000000a0000000,0x00000000a2eb6700,0x00000000a6600000)
 Metaspace       used 62056K, capacity 64798K, committed 65024K, reserved 1105920K
  class space    used 8318K, capacity 8907K, committed 8960K, reserved 1048576K
}
Event: 408.975 GC heap before
{Heap before GC invocations=24 (full 4):
 PSYoungGen      total 151040K, used 133280K [0x00000000e0000000, 0x00000000eb780000, 0x0000000100000000)
  eden space 126976K, 100% used [0x00000000e0000000,0x00000000e7c00000,0x00000000e7c00000)
  from space 24064K, 26% used [0x00000000e7c00000,0x00000000e8228000,0x00000000e9380000)
  to   space 24064K, 0% used [0x00000000ea000000,0x00000000ea000000,0x00000000eb780000)
 ParOldGen       total 104448K, used 47833K [0x00000000a0000000, 0x00000000a6600000, 0x00000000e0000000)
  object space 104448K, 45% used [0x00000000a0000000,0x00000000a2eb6700,0x00000000a6600000)
 Metaspace       used 63392K, capacity 66270K, committed 66432K, reserved 1105920K
  class space    used 8450K, capacity 9041K, committed 9088K, reserved 1048576K
Event: 409.011 GC heap after
Heap after GC invocations=24 (full 4):
 PSYoungGen      total 160768K, used 23301K [0x00000000e0000000, 0x00000000ebf00000, 0x0000000100000000)
  eden space 136704K, 0% used [0x00000000e0000000,0x00000000e0000000,0x00000000e8580000)
  from space 24064K, 96% used [0x00000000ea000000,0x00000000eb6c15a8,0x00000000eb780000)
  to   space 27136K, 0% used [0x00000000e8580000,0x00000000e8580000,0x00000000ea000000)
 ParOldGen       total 104448K, used 47841K [0x00000000a0000000, 0x00000000a6600000, 0x00000000e0000000)
  object space 104448K, 45% used [0x00000000a0000000,0x00000000a2eb8700,0x00000000a6600000)
 Metaspace       used 63392K, capacity 66270K, committed 66432K, reserved 1105920K
  class space    used 8450K, capacity 9041K, committed 9088K, reserved 1048576K
}

