# JRE version: Java(TM) SE Runtime Environment (8.0_71-b15) (build 1.8.0_71-b15)
# Java VM: Java HotSpot(TM) 64-Bit Server VM (25.71-b15 mixed mode windows-amd64 compressed oops)
Heap:
 PSYoungGen      total 246272K, used 61585K [0x00000000e0000000, 0x00000000f7580000, 0x0000000100000000)
  eden space 220160K, 21% used [0x00000000e0000000,0x00000000e2e91fa8,0x00000000ed700000)
  from space 26112K, 53% used [0x00000000ed700000,0x00000000ee492748,0x00000000ef080000)
  to   space 25600K, 0% used [0x00000000f5c80000,0x00000000f5c80000,0x00000000f7580000)
 ParOldGen       total 74240K, used 44280K [0x00000000a0000000, 0x00000000a4880000, 0x00000000e0000000)
  object space 74240K, 59% used [0x00000000a0000000,0x00000000a2b3e1f8,0x00000000a4880000)
 Metaspace       used 56559K, capacity 58940K, committed 59008K, reserved 1099776K
  class space    used 7749K, capacity 8255K, committed 8320K, reserved 1048576K
GC Heap History (10 events):
Event: 16.645 GC heap before
{Heap before GC invocations=14 (full 2):
 PSYoungGen      total 108032K, used 106540K [0x00000000e0000000, 0x00000000eaa80000, 0x0000000100000000)
  eden space 96256K, 100% used [0x00000000e0000000,0x00000000e5e00000,0x00000000e5e00000)
  from space 11776K, 87% used [0x00000000e5e00000,0x00000000e680b318,0x00000000e6980000)
  to   space 12288K, 0% used [0x00000000e9e80000,0x00000000e9e80000,0x00000000eaa80000)
 ParOldGen       total 74240K, used 15283K [0x00000000a0000000, 0x00000000a4880000, 0x00000000e0000000)
  object space 74240K, 20% used [0x00000000a0000000,0x00000000a0eecf90,0x00000000a4880000)
 Metaspace       used 47327K, capacity 48594K, committed 48896K, reserved 1091584K
  class space    used 6497K, capacity 6808K, committed 6912K, reserved 1048576K
Event: 16.664 GC heap after
Heap after GC invocations=14 (full 2):
 PSYoungGen      total 159744K, used 12267K [0x00000000e0000000, 0x00000000eae00000, 0x0000000100000000)
  eden space 147456K, 0% used [0x00000000e0000000,0x00000000e0000000,0x00000000e9000000)
  from space 12288K, 99% used [0x00000000e9e80000,0x00000000eaa7adc8,0x00000000eaa80000)
  to   space 14848K, 0% used [0x00000000e9000000,0x00000000e9000000,0x00000000e9e80000)
 ParOldGen       total 74240K, used 18041K [0x00000000a0000000, 0x00000000a4880000, 0x00000000e0000000)
  object space 74240K, 24% used [0x00000000a0000000,0x00000000a119e588,0x00000000a4880000)
 Metaspace       used 47327K, capacity 48594K, committed 48896K, reserved 1091584K
  class space    used 6497K, capacity 6808K, committed 6912K, reserved 1048576K
}
Event: 19.469 GC heap before
{Heap before GC invocations=15 (full 2):
 PSYoungGen      total 159744K, used 159723K [0x00000000e0000000, 0x00000000eae00000, 0x0000000100000000)
  eden space 147456K, 100% used [0x00000000e0000000,0x00000000e9000000,0x00000000e9000000)
  from space 12288K, 99% used [0x00000000e9e80000,0x00000000eaa7adc8,0x00000000eaa80000)
  to   space 14848K, 0% used [0x00000000e9000000,0x00000000e9000000,0x00000000e9e80000)
 ParOldGen       total 74240K, used 18041K [0x00000000a0000000, 0x00000000a4880000, 0x00000000e0000000)
  object space 74240K, 24% used [0x00000000a0000000,0x00000000a119e588,0x00000000a4880000)
 Metaspace       used 52169K, capacity 53794K, committed 54016K, reserved 1095680K
  class space    used 7131K, capacity 7556K, committed 7680K, reserved 1048576K
Event: 19.490 GC heap after
Heap after GC invocations=15 (full 2):
 PSYoungGen      total 162304K, used 14817K [0x00000000e0000000, 0x00000000f0500000, 0x0000000100000000)
  eden space 147456K, 0% used [0x00000000e0000000,0x00000000e0000000,0x00000000e9000000)
  from space 14848K, 99% used [0x00000000e9000000,0x00000000e9e786d8,0x00000000e9e80000)
  to   space 20992K, 0% used [0x00000000ef080000,0x00000000ef080000,0x00000000f0500000)
 ParOldGen       total 74240K, used 29790K [0x00000000a0000000, 0x00000000a4880000, 0x00000000e0000000)
  object space 74240K, 40% used [0x00000000a0000000,0x00000000a1d17a10,0x00000000a4880000)
 Metaspace       used 52169K, capacity 53794K, committed 54016K, reserved 1095680K
  class space    used 7131K, capacity 7556K, committed 7680K, reserved 1048576K
}
Event: 20.888 GC heap before
{Heap before GC invocations=16 (full 2):
 PSYoungGen      total 162304K, used 114914K [0x00000000e0000000, 0x00000000f0500000, 0x0000000100000000)
  eden space 147456K, 67% used [0x00000000e0000000,0x00000000e61c01b0,0x00000000e9000000)
  from space 14848K, 99% used [0x00000000e9000000,0x00000000e9e786d8,0x00000000e9e80000)
  to   space 20992K, 0% used [0x00000000ef080000,0x00000000ef080000,0x00000000f0500000)
 ParOldGen       total 74240K, used 29790K [0x00000000a0000000, 0x00000000a4880000, 0x00000000e0000000)
  object space 74240K, 40% used [0x00000000a0000000,0x00000000a1d17a10,0x00000000a4880000)
 Metaspace       used 54585K, capacity 56846K, committed 57088K, reserved 1097728K
  class space    used 7582K, capacity 8078K, committed 8192K, reserved 1048576K
Event: 20.917 GC heap after
Heap after GC invocations=16 (full 2):
 PSYoungGen      total 241152K, used 20964K [0x00000000e0000000, 0x00000000f0f00000, 0x0000000100000000)
  eden space 220160K, 0% used [0x00000000e0000000,0x00000000e0000000,0x00000000ed700000)
  from space 20992K, 99% used [0x00000000ef080000,0x00000000f04f9100,0x00000000f0500000)
  to   space 26112K, 0% used [0x00000000ed700000,0x00000000ed700000,0x00000000ef080000)
 ParOldGen       total 74240K, used 36428K [0x00000000a0000000, 0x00000000a4880000, 0x00000000e0000000)
  object space 74240K, 49% used [0x00000000a0000000,0x00000000a23930c0,0x00000000a4880000)
 Metaspace       used 54585K, capacity 56846K, committed 57088K, reserved 1097728K
  class space    used 7582K, capacity 8078K, committed 8192K, reserved 1048576K
}
Event: 20.917 GC heap before
{Heap before GC invocations=17 (full 3):
 PSYoungGen      total 241152K, used 20964K [0x00000000e0000000, 0x00000000f0f00000, 0x0000000100000000)
  eden space 220160K, 0% used [0x00000000e0000000,0x00000000e0000000,0x00000000ed700000)
  from space 20992K, 99% used [0x00000000ef080000,0x00000000f04f9100,0x00000000f0500000)
  to   space 26112K, 0% used [0x00000000ed700000,0x00000000ed700000,0x00000000ef080000)
 ParOldGen       total 74240K, used 36428K [0x00000000a0000000, 0x00000000a4880000, 0x00000000e0000000)
  object space 74240K, 49% used [0x00000000a0000000,0x00000000a23930c0,0x00000000a4880000)
 Metaspace       used 54585K, capacity 56846K, committed 57088K, reserved 1097728K
  class space    used 7582K, capacity 8078K, committed 8192K, reserved 1048576K
Event: 21.194 GC heap after
Heap after GC invocations=17 (full 3):
 PSYoungGen      total 241152K, used 0K [0x00000000e0000000, 0x00000000f0f00000, 0x0000000100000000)
  eden space 220160K, 0% used [0x00000000e0000000,0x00000000e0000000,0x00000000ed700000)
  from space 20992K, 0% used [0x00000000ef080000,0x00000000ef080000,0x00000000f0500000)
  to   space 26112K, 0% used [0x00000000ed700000,0x00000000ed700000,0x00000000ef080000)
 ParOldGen       total 74240K, used 44272K [0x00000000a0000000, 0x00000000a4880000, 0x00000000e0000000)
  object space 74240K, 59% used [0x00000000a0000000,0x00000000a2b3c1f8,0x00000000a4880000)
 Metaspace       used 54585K, capacity 56846K, committed 57088K, reserved 1097728K
  class space    used 7582K, capacity 8078K, committed 8192K, reserved 1048576K
}
Event: 38.916 GC heap before
{Heap before GC invocations=18 (full 3):
 PSYoungGen      total 241152K, used 220160K [0x00000000e0000000, 0x00000000f0f00000, 0x0000000100000000)
  eden space 220160K, 100% used [0x00000000e0000000,0x00000000ed700000,0x00000000ed700000)
  from space 20992K, 0% used [0x00000000ef080000,0x00000000ef080000,0x00000000f0500000)
  to   space 26112K, 0% used [0x00000000ed700000,0x00000000ed700000,0x00000000ef080000)
 ParOldGen       total 74240K, used 44272K [0x00000000a0000000, 0x00000000a4880000, 0x00000000e0000000)
  object space 74240K, 59% used [0x00000000a0000000,0x00000000a2b3c1f8,0x00000000a4880000)
 Metaspace       used 56434K, capacity 58868K, committed 59008K, reserved 1099776K
  class space    used 7748K, capacity 8253K, committed 8320K, reserved 1048576K
Event: 38.928 GC heap after
Heap after GC invocations=18 (full 3):
 PSYoungGen      total 246272K, used 13897K [0x00000000e0000000, 0x00000000f7580000, 0x0000000100000000)
  eden space 220160K, 0% used [0x00000000e0000000,0x00000000e0000000,0x00000000ed700000)
  from space 26112K, 53% used [0x00000000ed700000,0x00000000ee492748,0x00000000ef080000)
  to   space 25600K, 0% used [0x00000000f5c80000,0x00000000f5c80000,0x00000000f7580000)
 ParOldGen       total 74240K, used 44280K [0x00000000a0000000, 0x00000000a4880000, 0x00000000e0000000)
  object space 74240K, 59% used [0x00000000a0000000,0x00000000a2b3e1f8,0x00000000a4880000)
 Metaspace       used 56434K, capacity 58868K, committed 59008K, reserved 1099776K
  class space    used 7748K, capacity 8253K, committed 8320K, reserved 1048576K
}

